<!DOCTYPE html>
<html>
<head>
    <title>Unittest Results</title>
    <meta charset="utf-8">
    <meta name="viewport" content="width=device-width, initial-scale=1.0">
    <link rel="stylesheet" href="https://maxcdn.bootstrapcdn.com/bootstrap/3.3.6/css/bootstrap.min.css" integrity="sha384-1q8mTJOASx8j1Au+a5WDVnPi2lkFfwwEAa8hDDdjZlpLegxhjVME1fgjWPGmkzs7" crossorigin="anonymous">
</head>
<body>
    <div class="container">
        <div class="row">
            <div class="col-xs-12">
                <h2 class="text-capitalize">Unittest Results</h2>
                <p class='attribute'><strong>Start Time: </strong>2021-05-08 18:05:06</p>
                <p class='attribute'><strong>Duration: </strong>30.68 s</p>
                <p class='attribute'><strong>Summary: </strong>Total: 5, Pass: 1, Error: 4</p>
            </div>
        </div>
        <div class="row">
            <div class="col-xs-12 col-sm-10 col-md-10">
                <table class='table table-hover table-responsive'>
                    <thead>
                        <tr>
                            <th>__main__.MyTestCase</th>
                            <th>Status</th>
                            <th></th>
                        </tr>
                    </thead>
                    <tbody>
                        <tr class='warning'>
                            <td class="col-xs-10">test_MusicPlayer</td>
                            <td class="col-xs-1">
                                <span class="label label-warning" style="display:block;width:40px;">Error</span>
                            </td>
                            <td class="col-xs-1">
                                <button class="btn btn-default btn-xs">View</button>
                            </td>
                        </tr>
                        <tr style="display:none;">
                            <td class="col-xs-9" colspan="3"><p>-------------------------------------------------------------
Test Environment created
Run started at:2021-05-08 18:05:08.103054
-------------------------------------------------------
Test Environment Destroyed
Run completed at :2021-05-08 18:05:10.921734
</p><p style="color:maroon;">ElementClickInterceptedException: Message: element click intercepted: Element <button class="_82ba3fb528bb730b297a91f46acd37a3-scss" aria-label="Pause" data-testid="control-button-play" title="Pause" style="--button-size:32px;">...</button> is not clickable at point (468, 887). Other element would receive the click: <div id="onetrust-policy">...</div>
  (Session info: chrome=90.0.4430.93)
</p><p style="color:maroon;">Traceback (most recent call last):
  File "FirstUnitTest.py", line 92, in test_MusicPlayer
    self.driver.find_element_by_xpath("//*[@id='main']/div/div[2]/div[2]/footer/div/div[2]/div/div[1]/button[3]").click()
  File "/home/lekhaniray/.local/lib/python3.6/site-packages/selenium/webdriver/remote/webelement.py", line 80, in click
    self._execute(Command.CLICK_ELEMENT)
  File "/home/lekhaniray/.local/lib/python3.6/site-packages/selenium/webdriver/remote/webelement.py", line 633, in _execute
    return self._parent.execute(command, params)
  File "/home/lekhaniray/.local/lib/python3.6/site-packages/selenium/webdriver/remote/webdriver.py", line 321, in execute
    self.error_handler.check_response(response)
  File "/home/lekhaniray/.local/lib/python3.6/site-packages/selenium/webdriver/remote/errorhandler.py", line 242, in check_response
    raise exception_class(message, screen, stacktrace)
selenium.common.exceptions.ElementClickInterceptedException: Message: element click intercepted: Element <button class="_82ba3fb528bb730b297a91f46acd37a3-scss" aria-label="Pause" data-testid="control-button-play" title="Pause" style="--button-size:32px;">...</button> is not clickable at point (468, 887). Other element would receive the click: <div id="onetrust-policy">...</div>
  (Session info: chrome=90.0.4430.93)

</p>
                            </td>
                        </tr>
                        <tr class='warning'>
                            <td class="col-xs-10">test_SearchFunction</td>
                            <td class="col-xs-1">
                                <span class="label label-warning" style="display:block;width:40px;">Error</span>
                            </td>
                            <td class="col-xs-1">
                                <button class="btn btn-default btn-xs">View</button>
                            </td>
                        </tr>
                        <tr style="display:none;">
                            <td class="col-xs-9" colspan="3"><p>-------------------------------------------------------------
Test Environment created
Run started at:2021-05-08 18:05:12.364053
-------------------------------------------------------
Test Environment Destroyed
Run completed at :2021-05-08 18:05:30.213187
</p><p style="color:maroon;">AttributeError: 'NoneType' object has no attribute 'send_keys'</p><p style="color:maroon;">Traceback (most recent call last):
  File "FirstUnitTest.py", line 103, in test_SearchFunction
    search_enter.send_keys("Taylor Swift")
AttributeError: 'NoneType' object has no attribute 'send_keys'
</p>
                            </td>
                        </tr>
                        <tr class='warning'>
                            <td class="col-xs-10">test_SearchFunction</td>
                            <td class="col-xs-1">
                                <span class="label label-warning" style="display:block;width:40px;">Error</span>
                            </td>
                            <td class="col-xs-1">
                                <button class="btn btn-default btn-xs">View</button>
                            </td>
                        </tr>
                        <tr style="display:none;">
                            <td class="col-xs-9" colspan="3"><p>-------------------------------------------------------------
Test Environment created
Run started at:2021-05-08 18:05:12.364053
-------------------------------------------------------
Test Environment Destroyed
Run completed at :2021-05-08 18:05:30.213187
</p><p style="color:maroon;">WebDriverException: Message: chrome not reachable
  (Session info: chrome=90.0.4430.93)
</p><p style="color:maroon;">Traceback (most recent call last):
  File "FirstUnitTest.py", line 125, in tearDown
    self.driver.close()
  File "/home/lekhaniray/.local/lib/python3.6/site-packages/selenium/webdriver/remote/webdriver.py", line 688, in close
    self.execute(Command.CLOSE)
  File "/home/lekhaniray/.local/lib/python3.6/site-packages/selenium/webdriver/remote/webdriver.py", line 321, in execute
    self.error_handler.check_response(response)
  File "/home/lekhaniray/.local/lib/python3.6/site-packages/selenium/webdriver/remote/errorhandler.py", line 242, in check_response
    raise exception_class(message, screen, stacktrace)
selenium.common.exceptions.WebDriverException: Message: chrome not reachable
  (Session info: chrome=90.0.4430.93)

</p>
                            </td>
                        </tr>
                        <tr class='warning'>
                            <td class="col-xs-10">test_loginSpotify</td>
                            <td class="col-xs-1">
                                <span class="label label-warning" style="display:block;width:40px;">Error</span>
                            </td>
                            <td class="col-xs-1">
                                <button class="btn btn-default btn-xs">View</button>
                            </td>
                        </tr>
                        <tr style="display:none;">
                            <td class="col-xs-9" colspan="3"><p>-------------------------------------------------------------
Test Environment created
Run started at:2021-05-08 18:05:31.552719
-------------------------------------------------------
Test Environment Destroyed
Run completed at :2021-05-08 18:05:33.252008
</p><p style="color:maroon;">NameError: name 'driver' is not defined</p><p style="color:maroon;">Traceback (most recent call last):
  File "FirstUnitTest.py", line 57, in test_loginSpotify
    self.assertIn("Spotify", driver.title)
NameError: name 'driver' is not defined
</p>
                            </td>
                        </tr>
                        <tr class='success'>
                            <td class="col-xs-10">test_removeCookiePolicy</td>
                            <td class="col-xs-1">
                                <span class="label label-success" style="display:block;width:40px;">Pass</span>
                            </td>
                            <td class="col-xs-1">
                                <button class="btn btn-default btn-xs">View</button>
                            </td>
                        </tr>
                        <tr style="display:none;">
                            <td class="col-xs-9" colspan="3"><p>-------------------------------------------------------------
Test Environment created
Run started at:2021-05-08 18:05:34.752382
-------------------------------------------------------
Test Environment Destroyed
Run completed at :2021-05-08 18:05:37.377447
</p>
                            </td>
                        </tr>
                        <tr>
                            <td colspan="3">
                                Total: 5, Pass: 1, Error: 4 -- Duration: 30.68 s
                            </td>
                        </tr>
                    </tbody>
                </table>
            </div>
        </div>
    </div>
    <script src="https://ajax.googleapis.com/ajax/libs/jquery/2.2.4/jquery.min.js"></script>
    <script type="text/javascript">
        $(document).ready(function(){
            $('td').on('click', '.btn', function(e){
                e.preventDefault();
                e.stopImmediatePropagation();
                var $this = $(this);
                var $nextRow = $this.closest('tr').next('tr');
                $nextRow.slideToggle("fast");
                $this.text(function(i, text){
                    if (text === 'View') {
                        return 'Hide';
                    } else {
                        return 'View';
                    };
                });
            });
        });
    </script>
</body>
</html